[00:00:00]: PersistRootStorage is now /root/.klei//DoNotStarveTogether/test5/Caves2/ 
[00:00:00]: Starting Up
[00:00:00]: Version: 298000
[00:00:00]: Current time: Wed Dec 26 20:29:49 2018

[00:00:00]: System Name: Linux
[00:00:00]: Host Name: host.localdomain
[00:00:00]: Release(Kernel) Version: 4.19.6-1.el7.elrepo.x86_64
[00:00:00]: Kernel Build Timestamp: #1 SMP Sat Dec 1 11:58:18 EST 2018
[00:00:00]: Machine Arch: x86_64
[00:00:00]: Don't Starve Together: 298000 LINUX
[00:00:00]: Build Date: 4532
[00:00:00]: Parsing command line
[00:00:00]: Command Line Arguments: -cluster test5 -shard Caves2 
[00:00:00]: Initializing distribution platform
[00:00:00]: ....Done
[00:00:00]: Mounting file system databundles/klump.zip successful.
[00:00:00]: THREAD - started 'GAClient' (4139793216)
[00:00:00]: CurlRequestManager::ClientThread::Main()
[00:00:00]: Mounting file system databundles/shaders.zip successful.
[00:00:00]: Mounting file system databundles/fonts.zip successful.
[00:00:00]: Mounting file system databundles/anim_dynamic.zip successful.
[00:00:00]: Mounting file system databundles/bigportraits.zip successful.
[00:00:00]: Mounting file system databundles/images.zip successful.
[00:00:00]: Mounting file system databundles/scripts.zip successful.
[00:00:00]: ProfileIndex:4.70
[00:00:00]: [Connect] PendingConnection::Reset(true)
[00:00:00]: Platform: 1
[00:00:00]: Network tick rate: U=15(2), D=0
[00:00:00]: Network tick rate: U=15(2), D=0
[00:00:00]: OnLoadPermissionList: /root/.klei//DoNotStarveTogether/test5/blocklist.txt (Success)
[00:00:00]: OnLoadPermissionList: /root/.klei//DoNotStarveTogether/test5/adminlist.txt (Success)
[00:00:00]: OnLoadUserIdList: /root/.klei//DoNotStarveTogether/test5/whitelist.txt (Success)
[00:00:00]: Token retrieved from: /root/.klei//DoNotStarveTogether/test5/cluster_token.txt
[00:00:00]: Token retrieved from: /root/.klei//DoNotStarveTogether/test5/cluster_token.txt
[00:00:00]: cGame::InitializeOnMainThread
[00:00:00]: Renderer initialize: Okay
[00:00:00]: AnimManager initialize: Okay
[00:00:00]: Buffers initialize: Okay
[00:00:00]: cDontStarveGame::DoGameSpecificInitialize()
[00:00:00]: GameSpecific initialize: Okay
[00:00:00]: cGame::StartPlaying
[00:00:00]: THREAD - started 'Ping Job Thread' (4132436800)
[00:00:00]: THREAD - started 'StreamInput' (4130335552)
[00:00:00]: LOADING LUA
[00:00:00]: DoLuaFile scripts/main.lua
[00:00:00]: DoLuaFile loading buffer scripts/main.lua
[00:00:01]:   taskgrouplist:	default	Together	
[00:00:01]:   taskgrouplist:	classic	Classic	
[00:00:01]:   taskgrouplist:	cave_default	Underground	
[00:00:01]:   taskgrouplist:	lavaarena_taskset	The Forge	
[00:00:01]:   taskgrouplist:	quagmire_taskset	The Gorge	
[00:00:01]: running main.lua
	
[00:00:01]: Could not load modindex	
[00:00:01]: ModIndex: Beginning normal load sequence for dedicated server.
	
[00:00:01]: DownloadMods(0)
[00:00:01]: Event data unavailable: lavaarena_event_server/lavaarena_achievement_quest_defs
[00:00:03]: LOADING LUA SUCCESS
[00:00:03]: PlayerDeaths could not load morgue	
[00:00:03]: PlayerHistory could not load player_history	
[00:00:03]: ServerPreferences could not load server_preferences	
[00:00:03]: bloom_enabled	false	
[00:00:03]: Could not load saveindex	
[00:00:03]: OnFilesLoaded()	
[00:00:03]: OnUpdatePurchaseStateComplete	
[00:00:03]: Klump load on boot started.	
[00:00:03]: Klump files loaded: 	0	
[00:00:04]: 	Load FE	
[00:00:05]: 	Load FE: done	
[00:00:05]: ModIndex: Load sequence finished successfully.	
[00:00:05]: Reset() returning
[00:00:05]: THREAD - started 'FilesExistAsyncThread' (4101266240)
[00:00:05]: FilesExistAsyncThread started (19651 files)...
[00:00:07]: [200] Account Communication Success (6)
[00:00:07]: Received (KU_6yNrwFkC) from TokenPurpose
[00:00:07]: Starting Dedicated Server Game	
[00:00:07]: Network tick rate: U=15(2), D=0
[00:00:07]: About to start a server with the following settings:
[00:00:07]:   Dedicated: true
[00:00:07]:   Online: true
[00:00:07]:   Passworded: false
[00:00:07]:   ServerPort: 10999
[00:00:07]:   SteamAuthPort: 8768
[00:00:07]:   SteamMasterServerPort: 27018
[00:00:07]:   ClanID: false
[00:00:07]:   ClanOnly: false
[00:00:07]:   ClanAdmin: false
[00:00:07]:   LanOnly: false
[00:00:07]:   FriendsOnly: false
[00:00:07]:   EnableAutosaver: true
[00:00:07]:   EncodeUserPath: true
[00:00:07]:   PVP: true
[00:00:07]:   MaxPlayers: 6
[00:00:07]:   GameMode: survival
[00:00:07]:   OverridenDNS: 
[00:00:07]:   PauseWhenEmpty: true
[00:00:07]:   IdleTimeout: 1800s
[00:00:07]:   VoteEnabled: true
[00:00:07]:   InternetBroadcasting: true
[00:00:07]:   Intent: madness
[00:00:07]: Online Server Started on port: 10999
[00:00:07]: Found a level data override file with these contents:	
[00:00:07]: 	K: 	background_node_range	 V: 	table: 0xa6f1c58	
[00:00:07]: 		K: 	1	 V: 	0	
[00:00:07]: 		K: 	2	 V: 	1	
[00:00:07]: 	K: 	desc	 V: 	由最好用的脚本dstserver.sh创建！	
[00:00:07]: 	K: 	hideminimap	 V: 	false	
[00:00:07]: 	K: 	id	 V: 	DST_CAVE	
[00:00:07]: 	K: 	location	 V: 	cave	
[00:00:07]: 	K: 	max_playlist_position	 V: 	999	
[00:00:07]: 	K: 	min_playlist_position	 V: 	0	
[00:00:07]: 	K: 	name	 V: 	洞穴世界--由脚本dstserver.sh创建！	
[00:00:07]: 	K: 	numrandom_set_pieces	 V: 	0	
[00:00:07]: 	K: 	override_level_string	 V: 	false	
[00:00:07]: 	K: 	overrides	 V: 	table: 0xb920f60	
[00:00:07]: 		K: 	banana	 V: 	default	
[00:00:07]: 		K: 	bats	 V: 	rare	
[00:00:07]: 		K: 	berrybush	 V: 	often	
[00:00:07]: 		K: 	boons	 V: 	default	
[00:00:07]: 		K: 	branching	 V: 	default	
[00:00:07]: 		K: 	bunnymen	 V: 	default	
[00:00:07]: 		K: 	cave_ponds	 V: 	default	
[00:00:07]: 		K: 	cave_spiders	 V: 	default	
[00:00:07]: 		K: 	cavelight	 V: 	default	
[00:00:07]: 		K: 	chess	 V: 	default	
[00:00:07]: 		K: 	disease_delay	 V: 	default	
[00:00:07]: 		K: 	earthquakes	 V: 	default	
[00:00:07]: 		K: 	fern	 V: 	default	
[00:00:07]: 		K: 	fissure	 V: 	default	
[00:00:07]: 		K: 	flint	 V: 	default	
[00:00:07]: 		K: 	flower_cave	 V: 	default	
[00:00:07]: 		K: 	grass	 V: 	default	
[00:00:07]: 		K: 	layout_mode	 V: 	RestrictNodesByKey	
[00:00:07]: 		K: 	lichen	 V: 	default	
[00:00:07]: 		K: 	liefs	 V: 	default	
[00:00:07]: 		K: 	loop	 V: 	default	
[00:00:07]: 		K: 	marshbush	 V: 	default	
[00:00:07]: 		K: 	monkey	 V: 	default	
[00:00:07]: 		K: 	mushroom	 V: 	default	
[00:00:07]: 		K: 	mushtree	 V: 	default	
[00:00:07]: 		K: 	petrification	 V: 	default	
[00:00:07]: 		K: 	prefabswaps_start	 V: 	default	
[00:00:07]: 		K: 	reeds	 V: 	default	
[00:00:07]: 		K: 	regrowth	 V: 	default	
[00:00:07]: 		K: 	roads	 V: 	never	
[00:00:07]: 		K: 	rock	 V: 	default	
[00:00:07]: 		K: 	rocky	 V: 	default	
[00:00:07]: 		K: 	sapling	 V: 	default	
[00:00:07]: 		K: 	slurper	 V: 	default	
[00:00:07]: 		K: 	slurtles	 V: 	default	
[00:00:07]: 		K: 	start_location	 V: 	caves	
[00:00:07]: 		K: 	task_set	 V: 	cave_default	
[00:00:07]: 		K: 	tentacles	 V: 	rare	
[00:00:07]: 		K: 	touchstone	 V: 	default	
[00:00:07]: 		K: 	trees	 V: 	default	
[00:00:07]: 		K: 	weather	 V: 	default	
[00:00:07]: 		K: 	world_size	 V: 	default	
[00:00:07]: 		K: 	wormattacks	 V: 	default	
[00:00:07]: 		K: 	wormhole_prefab	 V: 	tentacle_pillar	
[00:00:07]: 		K: 	wormlights	 V: 	default	
[00:00:07]: 		K: 	worms	 V: 	default	
[00:00:07]: 	K: 	required_prefabs	 V: 	table: 0xbb51840	
[00:00:07]: 		K: 	1	 V: 	multiplayer_portal	
[00:00:07]: 	K: 	substitutes	 V: 	table: 0xb569ac0	
[00:00:07]: 	K: 	version	 V: 	3	
[00:00:07]: Loaded and applied level data override from ../leveldataoverride.lua	
[00:00:07]: Overwriting savedata with level data file.	
[00:00:07]: Not applying world gen overrides.	
[00:00:07]: Collecting garbage...
[00:00:07]: lua_gc took 0.03 seconds
[00:00:07]: ~ShardLuaProxy()
[00:00:07]: ~cEventLeaderboardProxy()
[00:00:07]: ~ItemServerLuaProxy()
[00:00:07]: ~InventoryLuaProxy()
[00:00:07]: ~NetworkLuaProxy()
[00:00:07]: ~SimLuaProxy()
[00:00:07]: FilesExistAsyncThread aborted.
[00:00:07]: ... FilesExistAsyncThread complete
[00:00:07]: lua_close took 0.04 seconds
[00:00:07]: ReleaseAll
[00:00:07]: ReleaseAll Finished
[00:00:07]: cGame::StartPlaying
[00:00:07]: LOADING LUA
[00:00:07]: DoLuaFile scripts/main.lua
[00:00:07]: DoLuaFile loading buffer scripts/main.lua
[00:00:08]:   taskgrouplist:	default	Together	
[00:00:08]:   taskgrouplist:	classic	Classic	
[00:00:08]:   taskgrouplist:	cave_default	Underground	
[00:00:08]:   taskgrouplist:	lavaarena_taskset	The Forge	
[00:00:08]:   taskgrouplist:	quagmire_taskset	The Gorge	
[00:00:08]: running main.lua
	
[00:00:08]: loaded modindex	
[00:00:08]: ModIndex: Beginning normal load sequence for dedicated server.
	
[00:00:08]: Event data unavailable: lavaarena_event_server/lavaarena_achievement_quest_defs
[00:00:08]: LOADING LUA SUCCESS
[00:00:08]: PlayerDeaths could not load morgue	
[00:00:08]: PlayerHistory could not load player_history	
[00:00:08]: ServerPreferences could not load server_preferences	
[00:00:08]: bloom_enabled	false	
[00:00:08]: OnLoad slot	2	: World options was nil! Populating with default.	
[00:00:08]: OnLoad slot	3	: World options was nil! Populating with default.	
[00:00:08]: OnLoad slot	4	: World options was nil! Populating with default.	
[00:00:08]: OnLoad slot	5	: World options was nil! Populating with default.	
[00:00:08]: loaded saveindex	
[00:00:08]: OnFilesLoaded()	
[00:00:08]: OnUpdatePurchaseStateComplete	
[00:00:08]: Load Slot: ... generating new world	
[00:00:08]: WorldSim::SimThread::SimThread()
[00:00:08]: ABOUT TO INSTALL STACKTRACE
[00:00:08]: DoLuaFile scripts/stacktrace.lua
[00:00:08]: DoLuaFile loading buffer scripts/stacktrace.lua
[00:00:08]: INSTALLED STACKTRACE
[00:00:08]: WorldSim::SimThread::SimThread() complete
[00:00:08]: ModIndex: Load sequence finished successfully.	
[00:00:08]: Reset() returning
[00:00:08]: THREAD - started 'WorldSim' (4101266240)
[00:00:08]: WorldSim::SimThread::Main()
[00:00:08]: DoLuaFile scripts/worldgen_main.lua
[00:00:08]: DoLuaFile loading buffer scripts/worldgen_main.lua
[00:00:08]: DLC enabled : 	false	
[00:00:08]:   taskgrouplist:	default	Together	
[00:00:08]:   taskgrouplist:	classic	Classic	
[00:00:08]:   taskgrouplist:	cave_default	Underground	
[00:00:08]:   taskgrouplist:	lavaarena_taskset	The Forge	
[00:00:08]:   taskgrouplist:	quagmire_taskset	The Gorge	
[00:00:08]: running worldgen_main.lua
	
[00:00:08]: SEED = 	1545827397	
[00:00:08]: Generating world with these parameters:	
[00:00:08]: level_type	SURVIVAL	
[00:00:08]: level_data:	
[00:00:08]: 	K: 	1	 V: 	table: 0xac2ee38	
[00:00:08]: 		K: 	background_node_range	 V: 	table: 0xac2ee60	
[00:00:08]: 			K: 	1	 V: 	0	
[00:00:08]: 			K: 	2	 V: 	1	
[00:00:08]: 		K: 	desc	 V: 	由最好用的脚本dstserver.sh创建！	
[00:00:08]: 		K: 	hideminimap	 V: 	false	
[00:00:08]: 		K: 	id	 V: 	DST_CAVE	
[00:00:08]: 		K: 	location	 V: 	cave	
[00:00:08]: 		K: 	max_playlist_position	 V: 	999	
[00:00:08]: 		K: 	min_playlist_position	 V: 	0	
[00:00:08]: 		K: 	name	 V: 	洞穴世界--由脚本dstserver.sh创建！	
[00:00:08]: 		K: 	numrandom_set_pieces	 V: 	0	
[00:00:08]: 		K: 	override_level_string	 V: 	false	
[00:00:08]: 		K: 	overrides	 V: 	table: 0xaac03b8	
[00:00:08]: 			K: 	banana	 V: 	default	
[00:00:08]: 			K: 	bats	 V: 	rare	
[00:00:08]: 			K: 	berrybush	 V: 	often	
[00:00:08]: 			K: 	boons	 V: 	default	
[00:00:08]: 			K: 	branching	 V: 	default	
[00:00:08]: 			K: 	bunnymen	 V: 	default	
[00:00:08]: 			K: 	cave_ponds	 V: 	default	
[00:00:08]: 			K: 	cave_spiders	 V: 	default	
[00:00:08]: 			K: 	cavelight	 V: 	default	
[00:00:08]: 			K: 	chess	 V: 	default	
[00:00:08]: 			K: 	disease_delay	 V: 	default	
[00:00:08]: 			K: 	earthquakes	 V: 	default	
[00:00:08]: 			K: 	fern	 V: 	default	
[00:00:08]: 			K: 	fissure	 V: 	default	
[00:00:08]: 			K: 	flint	 V: 	default	
[00:00:08]: 			K: 	flower_cave	 V: 	default	
[00:00:08]: 			K: 	grass	 V: 	default	
[00:00:08]: 			K: 	layout_mode	 V: 	RestrictNodesByKey	
[00:00:08]: 			K: 	lichen	 V: 	default	
[00:00:08]: 			K: 	liefs	 V: 	default	
[00:00:08]: 			K: 	loop	 V: 	default	
[00:00:08]: 			K: 	marshbush	 V: 	default	
[00:00:08]: 			K: 	monkey	 V: 	default	
[00:00:08]: 			K: 	mushroom	 V: 	default	
[00:00:08]: 			K: 	mushtree	 V: 	default	
[00:00:08]: 			K: 	petrification	 V: 	default	
[00:00:08]: 			K: 	prefabswaps_start	 V: 	default	
[00:00:08]: 			K: 	reeds	 V: 	default	
[00:00:08]: 			K: 	regrowth	 V: 	default	
[00:00:08]: 			K: 	roads	 V: 	never	
[00:00:08]: 			K: 	rock	 V: 	default	
[00:00:08]: 			K: 	rocky	 V: 	default	
[00:00:08]: 			K: 	sapling	 V: 	default	
[00:00:08]: 			K: 	slurper	 V: 	default	
[00:00:08]: 			K: 	slurtles	 V: 	default	
[00:00:08]: 			K: 	start_location	 V: 	caves	
[00:00:08]: 			K: 	task_set	 V: 	cave_default	
[00:00:08]: 			K: 	tentacles	 V: 	rare	
[00:00:08]: 			K: 	touchstone	 V: 	default	
[00:00:08]: 			K: 	trees	 V: 	default	
[00:00:08]: 			K: 	weather	 V: 	default	
[00:00:08]: 			K: 	world_size	 V: 	default	
[00:00:08]: 			K: 	wormattacks	 V: 	default	
[00:00:08]: 			K: 	wormhole_prefab	 V: 	tentacle_pillar	
[00:00:08]: 			K: 	wormlights	 V: 	default	
[00:00:08]: 			K: 	worms	 V: 	default	
[00:00:08]: 		K: 	required_prefabs	 V: 	table: 0xaabfe30	
[00:00:08]: 			K: 	1	 V: 	multiplayer_portal	
[00:00:08]: 		K: 	substitutes	 V: 	table: 0xb53fd08	
[00:00:08]: 		K: 	version	 V: 	3	
[00:00:08]: 
#######
#
# Generating SURVIVAL Mode Level
#
#######
	
[00:00:08]: Prefab Swap Selection: regular grass	
[00:00:08]: Prefab Swap Selection: regular twigs	
[00:00:08]: Prefab Swap Selection: regular berries	
[00:00:08]: New size:	425	default	
[00:00:08]: Creating story...	
[00:00:08]: RestrictNodesByKey	
[00:00:08]: ##############################RestrictNodesByKey	
[00:00:08]: Finding valid start task...	
[00:00:08]:    ...picked 	CaveExitTask9	
[00:00:08]: Has start node	SinkholeCopses	
[00:00:08]: Baking map...	425	
[00:00:08]: [WorldSimActual::GenerateVoronoiMap]
[00:00:08]: GenerateVoronoiMap [1]:
[00:00:08]: ...Done.
[00:00:08]: [AddEmptyNodes]
[00:00:08]: GenerateVoronoiMap [100]:
[00:00:13]: ...Done.
[00:00:13]: [WorldSimActual::GenerateVoronoiMap] complete [success]
[00:00:13]: [WorldSimActual::ConvertToTileMap]
[00:00:13]: [ConvertToTileMap]
[00:00:13]: [WorldSimActual::ConvertToTileMap] complete
[00:00:13]: [WorldSimActual::SeparateIslands]
[00:00:13]: [SeparateIslands]
[00:00:13]: [WorldSimActual::SeparateIslands] complete
[00:00:13]: Map Baked!	
[00:00:13]: [WorldSimActual::ForceConnectivity]
[00:00:13]: [GenerateLandmasses]
[00:00:13]: [GenerateLandmasses] islands: 9
[00:00:13]: [MergeConnectedLandmasses] true
[00:00:13]: [WorldSimActual::ForceConnectivity] complete
[00:00:13]: [GetWormholesExtra] connected 0 unconnected 1
[00:00:13]: [GetWormholesExtra] after: connected 1 unconnected 0
[00:00:13]: [GetWormholesExtra] pushed 0 wormholes
[00:00:13]: Encoding...	
[00:00:14]: Encoding... DONE	
[00:00:14]: Checking Tags	
[00:00:14]: Couldn't generate any points for maze. Aborting.
[00:00:14]: Couldn't generate any points for maze. Aborting.
[00:00:14]: Populating voronoi...	
[00:00:14]: Warning! Could not find a spot for StraightWall2 in node Residential3:2:Vacant	
[00:00:14]: Warning! Could not find a spot for CornerWall2 in node Residential3:2:Vacant	
[00:00:14]: Warning! Could not find a spot for CornerWall2 in node Residential3:2:Vacant	
[00:00:14]: Warning! Could not find a spot for EvergreenSinkhole in node SwampySinkhole:4:TentaclesAndTrees	
[00:00:14]: Warning! Could not find a spot for EvergreenSinkhole in node SwampySinkhole:4:TentaclesAndTrees	
[00:00:14]: Warning! Could not find a spot for StraightWall2 in node Residential2:3:Vacant	
[00:00:14]: Warning! Could not find a spot for CornerWall2 in node Residential2:3:Vacant	
[00:00:14]: Warning! Could not find a spot for CornerWall2 in node Residential2:3:Vacant	
[00:00:14]: Warning! Could not find a spot for RabbitTown in node CaveExitTask2:0:RabbitTown	
[00:00:14]: Warning! Could not find a spot for RabbitTown in node CaveExitTask10:1:GreenMushRabbits	
[00:00:14]: Warning! Could not find a spot for GrassySinkhole in node CaveExitTask8:0:GrasslandSinkhole	
[00:00:14]: Warning! Could not find a spot for CornerWall in node Residential:2:Vacant	
[00:00:14]: Warning! Could not find a spot for StraightWall2 in node Residential:2:Vacant	
[00:00:14]: Warning! Could not find a spot for StraightWall2 in node Residential:2:Vacant	
[00:00:14]: Warning! Could not find a spot for CornerWall2 in node Residential:2:Vacant	
[00:00:14]: Warning! Could not find a spot for CornerWall2 in node Residential:2:Vacant	
[00:00:14]: Warning! Could not find a spot for Mudlights in node SwampySinkhole:3:TentacleMud	
[00:00:14]: Warning! Could not find a spot for Mudlights in node SwampySinkhole:3:TentacleMud	
[00:00:14]: Warning! Could not find a spot for Mudlights in node SwampySinkhole:3:TentacleMud	
[00:00:14]: Warning! Could not find a spot for Mudlights in node SwampySinkhole:3:TentacleMud	
[00:00:14]: Warning! Could not find a spot for Mudlights in node SwampySinkhole:3:TentacleMud	
[00:00:14]: Warning! Could not find a spot for CornerWall2 in node Residential:3:Vacant	
[00:00:14]: Warning! Could not find a spot for CornerWall2 in node Residential:3:Vacant	
[00:00:14]: Warning! Could not find a spot for EvergreenSinkhole in node UndergroundForest:0:SinkholeCopses	
[00:00:14]: Warning! Could not find a spot for EvergreenSinkhole in node UndergroundForest:0:SinkholeCopses	
[00:00:14]: Warning! Could not find a spot for EvergreenSinkhole in node UndergroundForest:0:SinkholeCopses	
[00:00:14]: Warning! Could not find a spot for PondSinkhole in node PleasantSinkhole:0:SinkholeOasis	
[00:00:14]: PANIC: Too many disconnected tiles...	1276	
[00:00:14]: An error occured during world gen we will retry! [was 	1	 of 	5	]	
[00:00:14]: New size:	425	default	
[00:00:14]: Creating story...	
[00:00:14]: RestrictNodesByKey	
[00:00:14]: ##############################RestrictNodesByKey	
[00:00:14]: Finding valid start task...	
[00:00:14]:    ...picked 	CaveExitTask5	
[00:00:14]: Has start node	SpiderIncursion	
[00:00:14]: Baking map...	425	
[00:00:14]: [WorldSimActual::GenerateVoronoiMap]
[00:00:14]: GenerateVoronoiMap [1]:
[00:00:14]: ...Done.
[00:00:14]: [AddEmptyNodes]
[00:00:14]: GenerateVoronoiMap [100]:
[00:00:18]: ...Done.
[00:00:18]: [WorldSimActual::GenerateVoronoiMap] complete [success]
[00:00:18]: [WorldSimActual::ConvertToTileMap]
[00:00:18]: [ConvertToTileMap]
[00:00:18]: [WorldSimActual::ConvertToTileMap] complete
[00:00:18]: [WorldSimActual::SeparateIslands]
[00:00:18]: [SeparateIslands]
[00:00:18]: [WorldSimActual::SeparateIslands] complete
[00:00:18]: Map Baked!	
[00:00:18]: [WorldSimActual::ForceConnectivity]
[00:00:18]: [GenerateLandmasses]
[00:00:18]: [GenerateLandmasses] islands: 6
[00:00:18]: [MergeConnectedLandmasses] true
[00:00:18]: [WorldSimActual::ForceConnectivity] complete
[00:00:18]: [GetWormholesExtra] connected 0 unconnected 1
[00:00:18]: [GetWormholesExtra] after: connected 1 unconnected 0
[00:00:18]: [GetWormholesExtra] pushed 0 wormholes
[00:00:18]: Encoding...	
[00:00:19]: Encoding... DONE	
[00:00:19]: Checking Tags	
[00:00:19]: Populating voronoi...	
[00:00:19]: Warning! Could not find a spot for EvergreenSinkhole in node CaveExitTask6:1:SinkholeCopses	
[00:00:19]: Warning! Could not find a spot for Mudlights in node SwampySinkhole:3:TentacleMud	
[00:00:19]: Warning! Could not find a spot for Mudlights in node SwampySinkhole:3:TentacleMud	
[00:00:19]: Warning! Could not find a spot for Mudlights in node SwampySinkhole:3:TentacleMud	
[00:00:19]: Warning! Could not find a spot for Mudlights in node SwampySinkhole:3:TentacleMud	
[00:00:19]: Warning! Could not find a spot for EvergreenSinkhole in node CaveExitTask9:1:GreenMushSinkhole	
[00:00:19]: Warning! Could not find a spot for EvergreenSinkhole in node SwampySinkhole:4:TentaclesAndTrees	
[00:00:19]: Warning! Could not find a spot for EvergreenSinkhole in node SwampySinkhole:4:TentaclesAndTrees	
[00:00:19]: Warning! Could not find a spot for EvergreenSinkhole in node SwampySinkhole:4:TentaclesAndTrees	
[00:00:19]: Warning! Could not find a spot for StraightWall2 in node Residential2:3:Vacant	
[00:00:19]: Warning! Could not find a spot for StraightWall2 in node Residential2:3:Vacant	
[00:00:19]: Warning! Could not find a spot for CornerWall2 in node Residential2:3:Vacant	
[00:00:19]: Warning! Could not find a spot for CornerWall2 in node Residential2:3:Vacant	
[00:00:19]: Warning! Could not find a spot for CornerWall2 in node Residential2:3:Vacant	
[00:00:19]: Warning! Could not find a spot for StraightWall in node Residential3:1:Vacant	
[00:00:19]: Warning! Could not find a spot for StraightWall2 in node Residential3:1:Vacant	
[00:00:19]: Warning! Could not find a spot for StraightWall2 in node Residential3:1:Vacant	
[00:00:19]: Warning! Could not find a spot for CornerWall2 in node Residential3:1:Vacant	
[00:00:19]: Warning! Could not find a spot for CornerWall2 in node Residential3:1:Vacant	
[00:00:19]: Warning! Could not find a spot for CornerWall2 in node Residential3:1:Vacant	
[00:00:19]: Warning! Could not find a spot for StraightWall2 in node Residential:4:Vacant	
[00:00:19]: Warning! Could not find a spot for StraightWall2 in node Residential:4:Vacant	
[00:00:19]: Warning! Could not find a spot for CornerWall2 in node Residential:4:Vacant	
[00:00:19]: Warning! Could not find a spot for CornerWall2 in node Residential:4:Vacant	
[00:00:19]: Warning! Could not find a spot for CornerWall2 in node Residential:4:Vacant	
[00:00:19]: Warning! Could not find a spot for StraightWall in node Residential3:2:Vacant	
[00:00:19]: Warning! Could not find a spot for StraightWall2 in node Residential3:2:Vacant	
[00:00:19]: Warning! Could not find a spot for StraightWall2 in node Residential3:2:Vacant	
[00:00:19]: Warning! Could not find a spot for CornerWall2 in node Residential3:2:Vacant	
[00:00:19]: Warning! Could not find a spot for CornerWall2 in node Residential3:2:Vacant	
[00:00:19]: Warning! Could not find a spot for CornerWall2 in node Residential3:2:Vacant	
[00:00:19]: Warning! Could not find a spot for StraightWall in node Residential:2:Vacant	
[00:00:19]: Warning! Could not find a spot for CornerWall in node Residential:2:Vacant	
[00:00:19]: Warning! Could not find a spot for CornerWall in node Residential:2:Vacant	
[00:00:19]: Warning! Could not find a spot for CornerWall in node Residential:2:Vacant	
[00:00:19]: Warning! Could not find a spot for StraightWall2 in node Residential:2:Vacant	
[00:00:19]: Warning! Could not find a spot for StraightWall2 in node Residential:2:Vacant	
[00:00:19]: Warning! Could not find a spot for CornerWall2 in node Residential:2:Vacant	
[00:00:19]: Warning! Could not find a spot for CornerWall2 in node Residential:2:Vacant	
[00:00:19]: Warning! Could not find a spot for StraightWall in node Residential:3:Vacant	
[00:00:19]: Warning! Could not find a spot for StraightWall2 in node Residential:3:Vacant	
[00:00:19]: Warning! Could not find a spot for StraightWall2 in node Residential:3:Vacant	
[00:00:19]: Warning! Could not find a spot for StraightWall2 in node Residential:3:Vacant	
[00:00:19]: Warning! Could not find a spot for CornerWall2 in node Residential:3:Vacant	
[00:00:19]: Warning! Could not find a spot for CornerWall2 in node Residential:3:Vacant	
[00:00:19]: Warning! Could not find a spot for EvergreenSinkhole in node UndergroundForest:0:SinkholeCopses	
[00:00:19]: Warning! Could not find a spot for EvergreenSinkhole in node UndergroundForest:0:SinkholeCopses	
[00:00:19]: disconnected tiles...	58	
[00:00:19]: TheLabyrinth:0:RuinedGuarden Didnt get enough points for all prefabs, got 2 need 18	
[00:00:19]: Checking Required Prefab atrium_gate has at least 1 instances (1 found).	
[00:00:19]: Checking Required Prefab minotaur_spawner has at least 1 instances (1 found).	
[00:00:19]: Checking Required Prefab multiplayer_portal has at least 1 instances (1 found).	
[00:00:19]: Checking Required Prefab sacred_chest has at least 1 instances (1 found).	
[00:00:19]: Done cave map gen!	
[00:00:19]: Checking map...	
[00:00:19]: Generation complete	
[00:00:19]: WorldSim::SimThread::Main() complete
[00:00:19]: Serializing world: session/750641F2FD8E4383/0000000002
[00:00:19]: Klump load on boot started.	
[00:00:19]: Klump files loaded: 	0	
[00:00:19]: 	Unload FE	
[00:00:19]: 	Unload FE done	
[00:00:20]: 	LOAD BE	
[00:00:29]: 	LOAD BE: done	
[00:00:29]: Begin Session: 750641F2FD8E4383
[00:00:29]: saving to server_temp/server_save	
[00:00:29]: MiniMapComponent::AddAtlas( minimap/minimap_data.xml )
[00:00:29]: Loading 12 new character(s)	
[00:00:30]: Total 12 character(s) loaded	
[00:00:31]: Loading Nav Grid	
[00:00:31]: [Shard] Slave is waiting for LUA...
[00:00:51]: Reconstructing topology	
[00:00:51]: 	...Sorting points	
[00:00:51]: 	...Sorting edges	
[00:00:51]: 	...Connecting nodes	
[00:00:51]: 	...Validating connections	
[00:00:52]: 	...Housekeeping	
[00:00:52]: 	...Done!	
[00:00:52]: 1 uploads added to server. From server_temp
[00:00:52]: About to start a shard with these settings:
[00:00:52]:   ShardName: Caves2
[00:00:52]:   ShardID: 110
[00:00:52]:   ShardRole: SLAVE
[00:00:52]:   MasterHost: 127.0.0.1
[00:00:52]:   MasterBind: (null)
[00:00:52]:   MasterPort: 10888
[00:00:52]: [Shard] Connecting to master...
[00:00:52]: Telling Client our new session identifier: 750641F2FD8E4383
[00:00:58]: [Steam] SteamGameServer_Init(8768, 10999, 27018)
[00:01:00]: [Steam] SteamGameServer_Init success
[00:01:00]: [Shard] Sending slave information to master...
[00:01:08]: Validating portal[1] <-> <nil>[1] (inactive)	
[00:01:08]: Validating portal[2] <-> <nil>[2] (inactive)	
[00:01:08]: Validating portal[3] <-> <nil>[3] (inactive)	
[00:01:08]: Validating portal[4] <-> <nil>[4] (inactive)	
[00:01:08]: Validating portal[5] <-> <nil>[5] (inactive)	
[00:01:08]: Validating portal[6] <-> <nil>[6] (inactive)	
[00:01:08]: Validating portal[7] <-> <nil>[7] (inactive)	
[00:01:08]: Validating portal[8] <-> <nil>[8] (inactive)	
[00:01:08]: Validating portal[9] <-> <nil>[9] (inactive)	
[00:01:08]: Validating portal[10] <-> <nil>[10] (inactive)	
[00:01:08]: Gameserver logged on to Steam, assigned SteamID [A:1:854585344:11641]
[00:01:13]: Overriding region to US
[00:01:13]: Registering slave in US lobby
[00:01:14]: [Shard] Slave is now ready!
[00:01:14]: World 1 is now connected	
[00:01:14]: Validating portal[1] <-> 1[1] (active)	
[00:01:14]: Validating portal[2] <-> 1[2] (active)	
[00:01:14]: Validating portal[3] <-> 1[3] (active)	
[00:01:14]: Validating portal[4] <-> 1[4] (active)	
[00:01:14]: Validating portal[5] <-> 1[5] (active)	
[00:01:14]: Validating portal[6] <-> 1[6] (active)	
[00:01:14]: Validating portal[7] <-> 1[7] (active)	
[00:01:14]: Validating portal[8] <-> 1[8] (active)	
[00:01:14]: Validating portal[9] <-> 1[9] (active)	
[00:01:14]: Validating portal[10] <-> 1[10] (active)	
[00:01:15]: [Shard] Slave LUA is now ready!
[00:01:15]: Sim paused
[00:06:14]: Registering slave in US lobby
[00:11:13]: Registering slave in US lobby
