[00:00:00]: PersistRootStorage is now /root/.klei//DoNotStarveTogether/test5/Forest1/ 
[00:00:00]: Starting Up
[00:00:00]: Version: 298000
[00:00:00]: Current time: Wed Dec 26 20:29:49 2018

[00:00:00]: System Name: Linux
[00:00:00]: Host Name: host.localdomain
[00:00:00]: Release(Kernel) Version: 4.19.6-1.el7.elrepo.x86_64
[00:00:00]: Kernel Build Timestamp: #1 SMP Sat Dec 1 11:58:18 EST 2018
[00:00:00]: Machine Arch: x86_64
[00:00:00]: Don't Starve Together: 298000 LINUX
[00:00:00]: Build Date: 4532
[00:00:00]: Parsing command line
[00:00:00]: Command Line Arguments: -cluster test5 -shard Forest1 
[00:00:00]: Initializing distribution platform
[00:00:00]: ....Done
[00:00:00]: THREAD - started 'GAClient' (4139711296)
[00:00:00]: CurlRequestManager::ClientThread::Main()
[00:00:00]: Mounting file system databundles/klump.zip successful.
[00:00:00]: Mounting file system databundles/shaders.zip successful.
[00:00:00]: Mounting file system databundles/fonts.zip successful.
[00:00:00]: Mounting file system databundles/anim_dynamic.zip successful.
[00:00:00]: Mounting file system databundles/bigportraits.zip successful.
[00:00:00]: Mounting file system databundles/images.zip successful.
[00:00:00]: Mounting file system databundles/scripts.zip successful.
[00:00:00]: ProfileIndex:4.96
[00:00:00]: [Connect] PendingConnection::Reset(true)
[00:00:00]: Platform: 1
[00:00:00]: Network tick rate: U=15(2), D=0
[00:00:00]: Network tick rate: U=15(2), D=0
[00:00:00]: OnLoadPermissionList: /root/.klei//DoNotStarveTogether/test5/blocklist.txt (Success)
[00:00:00]: OnLoadPermissionList: /root/.klei//DoNotStarveTogether/test5/adminlist.txt (Success)
[00:00:00]: OnLoadUserIdList: /root/.klei//DoNotStarveTogether/test5/whitelist.txt (Success)
[00:00:00]: Token retrieved from: /root/.klei//DoNotStarveTogether/test5/cluster_token.txt
[00:00:00]: Token retrieved from: /root/.klei//DoNotStarveTogether/test5/cluster_token.txt
[00:00:00]: cGame::InitializeOnMainThread
[00:00:00]: Renderer initialize: Okay
[00:00:00]: THREAD - started 'Ping Job Thread' (4132436800)
[00:00:00]: THREAD - started 'StreamInput' (4130335552)
[00:00:00]: AnimManager initialize: Okay
[00:00:00]: Buffers initialize: Okay
[00:00:00]: cDontStarveGame::DoGameSpecificInitialize()
[00:00:00]: GameSpecific initialize: Okay
[00:00:00]: cGame::StartPlaying
[00:00:00]: LOADING LUA
[00:00:00]: DoLuaFile scripts/main.lua
[00:00:00]: DoLuaFile loading buffer scripts/main.lua
[00:00:01]:   taskgrouplist:	default	Together	
[00:00:01]:   taskgrouplist:	classic	Classic	
[00:00:01]:   taskgrouplist:	cave_default	Underground	
[00:00:01]:   taskgrouplist:	lavaarena_taskset	The Forge	
[00:00:01]:   taskgrouplist:	quagmire_taskset	The Gorge	
[00:00:01]: running main.lua
	
[00:00:01]: Could not load modindex	
[00:00:01]: ModIndex: Beginning normal load sequence for dedicated server.
	
[00:00:01]: DownloadMods(0)
[00:00:01]: Event data unavailable: lavaarena_event_server/lavaarena_achievement_quest_defs
[00:00:03]: LOADING LUA SUCCESS
[00:00:03]: PlayerDeaths could not load morgue	
[00:00:03]: PlayerHistory could not load player_history	
[00:00:03]: ServerPreferences could not load server_preferences	
[00:00:03]: bloom_enabled	false	
[00:00:03]: Could not load saveindex	
[00:00:03]: OnFilesLoaded()	
[00:00:03]: OnUpdatePurchaseStateComplete	
[00:00:03]: Klump load on boot started.	
[00:00:03]: Klump files loaded: 	0	
[00:00:04]: 	Load FE	
[00:00:05]: 	Load FE: done	
[00:00:05]: ModIndex: Load sequence finished successfully.	
[00:00:05]: Reset() returning
[00:00:05]: THREAD - started 'FilesExistAsyncThread' (4101167936)
[00:00:05]: FilesExistAsyncThread started (19651 files)...
[00:00:10]: ... FilesExistAsyncThread complete
[00:00:10]: [200] Account Communication Success (6)
[00:00:10]: Received (KU_6yNrwFkC) from TokenPurpose
[00:00:10]: Starting Dedicated Server Game	
[00:00:10]: Network tick rate: U=15(2), D=0
[00:00:10]: About to start a server with the following settings:
[00:00:10]:   Dedicated: true
[00:00:10]:   Online: true
[00:00:10]:   Passworded: false
[00:00:10]:   ServerPort: 10998
[00:00:10]:   SteamAuthPort: 8767
[00:00:10]:   SteamMasterServerPort: 27017
[00:00:10]:   ClanID: false
[00:00:10]:   ClanOnly: false
[00:00:10]:   ClanAdmin: false
[00:00:10]:   LanOnly: false
[00:00:10]:   FriendsOnly: false
[00:00:10]:   EnableAutosaver: true
[00:00:10]:   EncodeUserPath: true
[00:00:10]:   PVP: true
[00:00:10]:   MaxPlayers: 6
[00:00:10]:   GameMode: survival
[00:00:10]:   OverridenDNS: 
[00:00:10]:   PauseWhenEmpty: true
[00:00:10]:   IdleTimeout: 1800s
[00:00:10]:   VoteEnabled: true
[00:00:10]:   InternetBroadcasting: true
[00:00:10]:   Intent: madness
[00:00:10]: Online Server Started on port: 10998
[00:00:10]: Found a level data override file with these contents:	
[00:00:10]: 	K: 	desc	 V: 	由最好用的脚本dstserver.sh创建！	
[00:00:10]: 	K: 	hideminimap	 V: 	false	
[00:00:10]: 	K: 	id	 V: 	SURVIVAL_TOGETHER	
[00:00:10]: 	K: 	location	 V: 	forest	
[00:00:10]: 	K: 	max_playlist_position	 V: 	999	
[00:00:10]: 	K: 	min_playlist_position	 V: 	0	
[00:00:10]: 	K: 	name	 V: 	地面世界--由脚本dstserver.sh创建！	
[00:00:10]: 	K: 	numrandom_set_pieces	 V: 	10	
[00:00:10]: 	K: 	ordered_story_setpieces	 V: 	table: 0xb07d4e8	
[00:00:10]: 		K: 	1	 V: 	Sculptures_1	
[00:00:10]: 		K: 	2	 V: 	Maxwell5	
[00:00:10]: 	K: 	override_level_string	 V: 	false	
[00:00:10]: 	K: 	overrides	 V: 	table: 0xadff160	
[00:00:10]: 		K: 	alternatehunt	 V: 	default	
[00:00:10]: 		K: 	angrybees	 V: 	default	
[00:00:10]: 		K: 	antliontribute	 V: 	default	
[00:00:10]: 		K: 	autumn	 V: 	default	
[00:00:10]: 		K: 	bearger	 V: 	rare	
[00:00:10]: 		K: 	beefalo	 V: 	default	
[00:00:10]: 		K: 	beefaloheat	 V: 	default	
[00:00:10]: 		K: 	bees	 V: 	default	
[00:00:10]: 		K: 	berrybush	 V: 	default	
[00:00:10]: 		K: 	birds	 V: 	default	
[00:00:10]: 		K: 	boons	 V: 	default	
[00:00:10]: 		K: 	branching	 V: 	default	
[00:00:10]: 		K: 	butterfly	 V: 	default	
[00:00:10]: 		K: 	buzzard	 V: 	default	
[00:00:10]: 		K: 	cactus	 V: 	default	
[00:00:10]: 		K: 	carrot	 V: 	default	
[00:00:10]: 		K: 	catcoon	 V: 	default	
[00:00:10]: 		K: 	chess	 V: 	default	
[00:00:10]: 		K: 	day	 V: 	default	
[00:00:10]: 		K: 	deciduousmonster	 V: 	default	
[00:00:10]: 		K: 	deerclops	 V: 	default	
[00:00:10]: 		K: 	disease_delay	 V: 	default	
[00:00:10]: 		K: 	dragonfly	 V: 	default	
[00:00:10]: 		K: 	flint	 V: 	default	
[00:00:10]: 		K: 	flowers	 V: 	default	
[00:00:10]: 		K: 	frograin	 V: 	default	
[00:00:10]: 		K: 	goosemoose	 V: 	default	
[00:00:10]: 		K: 	grass	 V: 	default	
[00:00:10]: 		K: 	houndmound	 V: 	default	
[00:00:10]: 		K: 	hounds	 V: 	default	
[00:00:10]: 		K: 	hunt	 V: 	default	
[00:00:10]: 		K: 	krampus	 V: 	default	
[00:00:10]: 		K: 	layout_mode	 V: 	LinkNodesByKeys	
[00:00:10]: 		K: 	liefs	 V: 	default	
[00:00:10]: 		K: 	lightning	 V: 	default	
[00:00:10]: 		K: 	lightninggoat	 V: 	default	
[00:00:10]: 		K: 	loop	 V: 	default	
[00:00:10]: 		K: 	lureplants	 V: 	default	
[00:00:10]: 		K: 	marshbush	 V: 	default	
[00:00:10]: 		K: 	merm	 V: 	default	
[00:00:10]: 		K: 	meteorshowers	 V: 	default	
[00:00:10]: 		K: 	meteorspawner	 V: 	default	
[00:00:10]: 		K: 	moles	 V: 	default	
[00:00:10]: 		K: 	mushroom	 V: 	default	
[00:00:10]: 		K: 	penguins	 V: 	default	
[00:00:10]: 		K: 	perd	 V: 	default	
[00:00:10]: 		K: 	petrification	 V: 	default	
[00:00:10]: 		K: 	pigs	 V: 	default	
[00:00:10]: 		K: 	ponds	 V: 	default	
[00:00:10]: 		K: 	prefabswaps_start	 V: 	default	
[00:00:10]: 		K: 	rabbits	 V: 	default	
[00:00:10]: 		K: 	reeds	 V: 	default	
[00:00:10]: 		K: 	regrowth	 V: 	default	
[00:00:10]: 		K: 	roads	 V: 	default	
[00:00:10]: 		K: 	rock	 V: 	default	
[00:00:10]: 		K: 	rock_ice	 V: 	default	
[00:00:10]: 		K: 	sapling	 V: 	default	
[00:00:10]: 		K: 	season_start	 V: 	default	
[00:00:10]: 		K: 	specialevent	 V: 	default	
[00:00:10]: 		K: 	spiders	 V: 	default	
[00:00:10]: 		K: 	spring	 V: 	default	
[00:00:10]: 		K: 	start_location	 V: 	default	
[00:00:10]: 		K: 	summer	 V: 	default	
[00:00:10]: 		K: 	tallbirds	 V: 	default	
[00:00:10]: 		K: 	task_set	 V: 	default	
[00:00:10]: 		K: 	tentacles	 V: 	default	
[00:00:10]: 		K: 	touchstone	 V: 	default	
[00:00:10]: 		K: 	trees	 V: 	default	
[00:00:10]: 		K: 	tumbleweed	 V: 	default	
[00:00:10]: 		K: 	walrus	 V: 	default	
[00:00:10]: 		K: 	weather	 V: 	default	
[00:00:10]: 		K: 	wildfires	 V: 	default	
[00:00:10]: 		K: 	winter	 V: 	default	
[00:00:10]: 		K: 	world_size	 V: 	default	
[00:00:10]: 		K: 	wormhole_prefab	 V: 	wormhole	
[00:00:10]: 	K: 	random_set_pieces	 V: 	table: 0xadff360	
[00:00:10]: 		K: 	1	 V: 	Sculptures_2	
[00:00:10]: 		K: 	2	 V: 	Sculptures_3	
[00:00:10]: 		K: 	3	 V: 	Sculptures_4	
[00:00:10]: 		K: 	4	 V: 	Sculptures_5	
[00:00:10]: 		K: 	5	 V: 	Chessy_1	
[00:00:10]: 		K: 	6	 V: 	Chessy_2	
[00:00:10]: 		K: 	7	 V: 	Chessy_3	
[00:00:10]: 		K: 	8	 V: 	Chessy_4	
[00:00:10]: 		K: 	9	 V: 	Chessy_5	
[00:00:10]: 		K: 	10	 V: 	Chessy_6	
[00:00:10]: 		K: 	11	 V: 	Maxwell1	
[00:00:10]: 		K: 	12	 V: 	Maxwell2	
[00:00:10]: 		K: 	13	 V: 	Maxwell3	
[00:00:10]: 		K: 	14	 V: 	Maxwell4	
[00:00:10]: 		K: 	15	 V: 	Maxwell6	
[00:00:10]: 		K: 	16	 V: 	Maxwell7	
[00:00:10]: 		K: 	17	 V: 	Warzone_1	
[00:00:10]: 		K: 	18	 V: 	Warzone_2	
[00:00:10]: 		K: 	19	 V: 	Warzone_3	
[00:00:10]: 	K: 	required_prefabs	 V: 	table: 0xae22700	
[00:00:10]: 		K: 	1	 V: 	multiplayer_portal	
[00:00:10]: 	K: 	substitutes	 V: 	table: 0xae033b8	
[00:00:10]: 	K: 	version	 V: 	3	
[00:00:10]: Loaded and applied level data override from ../leveldataoverride.lua	
[00:00:10]: Overwriting savedata with level data file.	
[00:00:10]: Not applying world gen overrides.	
[00:00:10]: Collecting garbage...
[00:00:10]: lua_gc took 0.05 seconds
[00:00:10]: ~ShardLuaProxy()
[00:00:10]: ~cEventLeaderboardProxy()
[00:00:10]: ~ItemServerLuaProxy()
[00:00:10]: ~InventoryLuaProxy()
[00:00:10]: ~NetworkLuaProxy()
[00:00:10]: ~SimLuaProxy()
[00:00:10]: lua_close took 0.08 seconds
[00:00:10]: ReleaseAll
[00:00:10]: ReleaseAll Finished
[00:00:10]: cGame::StartPlaying
[00:00:10]: LOADING LUA
[00:00:10]: DoLuaFile scripts/main.lua
[00:00:10]: DoLuaFile loading buffer scripts/main.lua
[00:00:10]:   taskgrouplist:	default	Together	
[00:00:10]:   taskgrouplist:	classic	Classic	
[00:00:10]:   taskgrouplist:	cave_default	Underground	
[00:00:10]:   taskgrouplist:	lavaarena_taskset	The Forge	
[00:00:10]:   taskgrouplist:	quagmire_taskset	The Gorge	
[00:00:10]: running main.lua
	
[00:00:10]: loaded modindex	
[00:00:10]: ModIndex: Beginning normal load sequence for dedicated server.
	
[00:00:11]: Event data unavailable: lavaarena_event_server/lavaarena_achievement_quest_defs
[00:00:11]: LOADING LUA SUCCESS
[00:00:11]: PlayerDeaths could not load morgue	
[00:00:11]: PlayerHistory could not load player_history	
[00:00:11]: ServerPreferences could not load server_preferences	
[00:00:11]: bloom_enabled	false	
[00:00:11]: OnLoad slot	2	: World options was nil! Populating with default.	
[00:00:11]: OnLoad slot	3	: World options was nil! Populating with default.	
[00:00:11]: OnLoad slot	4	: World options was nil! Populating with default.	
[00:00:11]: OnLoad slot	5	: World options was nil! Populating with default.	
[00:00:11]: loaded saveindex	
[00:00:11]: OnFilesLoaded()	
[00:00:11]: OnUpdatePurchaseStateComplete	
[00:00:11]: Load Slot: ... generating new world	
[00:00:11]: WorldSim::SimThread::SimThread()
[00:00:11]: ABOUT TO INSTALL STACKTRACE
[00:00:11]: DoLuaFile scripts/stacktrace.lua
[00:00:11]: DoLuaFile loading buffer scripts/stacktrace.lua
[00:00:11]: INSTALLED STACKTRACE
[00:00:11]: WorldSim::SimThread::SimThread() complete
[00:00:11]: ModIndex: Load sequence finished successfully.	
[00:00:11]: Reset() returning
[00:00:11]: THREAD - started 'WorldSim' (4068035392)
[00:00:11]: WorldSim::SimThread::Main()
[00:00:11]: DoLuaFile scripts/worldgen_main.lua
[00:00:11]: DoLuaFile loading buffer scripts/worldgen_main.lua
[00:00:11]: DLC enabled : 	false	
[00:00:11]:   taskgrouplist:	default	Together	
[00:00:11]:   taskgrouplist:	classic	Classic	
[00:00:11]:   taskgrouplist:	cave_default	Underground	
[00:00:11]:   taskgrouplist:	lavaarena_taskset	The Forge	
[00:00:11]:   taskgrouplist:	quagmire_taskset	The Gorge	
[00:00:11]: running worldgen_main.lua
	
[00:00:11]: SEED = 	1545827400	
[00:00:11]: Generating world with these parameters:	
[00:00:11]: level_type	SURVIVAL	
[00:00:11]: level_data:	
[00:00:11]: 	K: 	1	 V: 	table: 0xf158e590	
[00:00:11]: 		K: 	desc	 V: 	由最好用的脚本dstserver.sh创建！	
[00:00:11]: 		K: 	hideminimap	 V: 	false	
[00:00:11]: 		K: 	id	 V: 	SURVIVAL_TOGETHER	
[00:00:11]: 		K: 	location	 V: 	forest	
[00:00:11]: 		K: 	max_playlist_position	 V: 	999	
[00:00:11]: 		K: 	min_playlist_position	 V: 	0	
[00:00:11]: 		K: 	name	 V: 	地面世界--由脚本dstserver.sh创建！	
[00:00:11]: 		K: 	numrandom_set_pieces	 V: 	10	
[00:00:11]: 		K: 	ordered_story_setpieces	 V: 	table: 0xf158e5b8	
[00:00:11]: 			K: 	1	 V: 	Sculptures_1	
[00:00:11]: 			K: 	2	 V: 	Maxwell5	
[00:00:11]: 		K: 	override_level_string	 V: 	false	
[00:00:11]: 		K: 	overrides	 V: 	table: 0xf15911d8	
[00:00:11]: 			K: 	alternatehunt	 V: 	default	
[00:00:11]: 			K: 	angrybees	 V: 	default	
[00:00:11]: 			K: 	antliontribute	 V: 	default	
[00:00:11]: 			K: 	autumn	 V: 	default	
[00:00:11]: 			K: 	bearger	 V: 	rare	
[00:00:11]: 			K: 	beefalo	 V: 	default	
[00:00:11]: 			K: 	beefaloheat	 V: 	default	
[00:00:11]: 			K: 	bees	 V: 	default	
[00:00:11]: 			K: 	berrybush	 V: 	default	
[00:00:11]: 			K: 	birds	 V: 	default	
[00:00:11]: 			K: 	boons	 V: 	default	
[00:00:11]: 			K: 	branching	 V: 	default	
[00:00:11]: 			K: 	butterfly	 V: 	default	
[00:00:11]: 			K: 	buzzard	 V: 	default	
[00:00:11]: 			K: 	cactus	 V: 	default	
[00:00:11]: 			K: 	carrot	 V: 	default	
[00:00:11]: 			K: 	catcoon	 V: 	default	
[00:00:11]: 			K: 	chess	 V: 	default	
[00:00:11]: 			K: 	day	 V: 	default	
[00:00:11]: 			K: 	deciduousmonster	 V: 	default	
[00:00:11]: 			K: 	deerclops	 V: 	default	
[00:00:11]: 			K: 	disease_delay	 V: 	default	
[00:00:11]: 			K: 	dragonfly	 V: 	default	
[00:00:11]: 			K: 	flint	 V: 	default	
[00:00:11]: 			K: 	flowers	 V: 	default	
[00:00:11]: 			K: 	frograin	 V: 	default	
[00:00:11]: 			K: 	goosemoose	 V: 	default	
[00:00:11]: 			K: 	grass	 V: 	default	
[00:00:11]: 			K: 	houndmound	 V: 	default	
[00:00:11]: 			K: 	hounds	 V: 	default	
[00:00:11]: 			K: 	hunt	 V: 	default	
[00:00:11]: 			K: 	krampus	 V: 	default	
[00:00:11]: 			K: 	layout_mode	 V: 	LinkNodesByKeys	
[00:00:11]: 			K: 	liefs	 V: 	default	
[00:00:11]: 			K: 	lightning	 V: 	default	
[00:00:11]: 			K: 	lightninggoat	 V: 	default	
[00:00:11]: 			K: 	loop	 V: 	default	
[00:00:11]: 			K: 	lureplants	 V: 	default	
[00:00:11]: 			K: 	marshbush	 V: 	default	
[00:00:11]: 			K: 	merm	 V: 	default	
[00:00:11]: 			K: 	meteorshowers	 V: 	default	
[00:00:11]: 			K: 	meteorspawner	 V: 	default	
[00:00:11]: 			K: 	moles	 V: 	default	
[00:00:11]: 			K: 	mushroom	 V: 	default	
[00:00:11]: 			K: 	penguins	 V: 	default	
[00:00:11]: 			K: 	perd	 V: 	default	
[00:00:11]: 			K: 	petrification	 V: 	default	
[00:00:11]: 			K: 	pigs	 V: 	default	
[00:00:11]: 			K: 	ponds	 V: 	default	
[00:00:11]: 			K: 	prefabswaps_start	 V: 	default	
[00:00:11]: 			K: 	rabbits	 V: 	default	
[00:00:11]: 			K: 	reeds	 V: 	default	
[00:00:11]: 			K: 	regrowth	 V: 	default	
[00:00:11]: 			K: 	roads	 V: 	default	
[00:00:11]: 			K: 	rock	 V: 	default	
[00:00:11]: 			K: 	rock_ice	 V: 	default	
[00:00:11]: 			K: 	sapling	 V: 	default	
[00:00:11]: 			K: 	season_start	 V: 	default	
[00:00:11]: 			K: 	specialevent	 V: 	default	
[00:00:11]: 			K: 	spiders	 V: 	default	
[00:00:11]: 			K: 	spring	 V: 	default	
[00:00:11]: 			K: 	start_location	 V: 	default	
[00:00:11]: 			K: 	summer	 V: 	default	
[00:00:11]: 			K: 	tallbirds	 V: 	default	
[00:00:11]: 			K: 	task_set	 V: 	default	
[00:00:11]: 			K: 	tentacles	 V: 	default	
[00:00:11]: 			K: 	touchstone	 V: 	default	
[00:00:11]: 			K: 	trees	 V: 	default	
[00:00:11]: 			K: 	tumbleweed	 V: 	default	
[00:00:11]: 			K: 	walrus	 V: 	default	
[00:00:11]: 			K: 	weather	 V: 	default	
[00:00:11]: 			K: 	wildfires	 V: 	default	
[00:00:11]: 			K: 	winter	 V: 	default	
[00:00:11]: 			K: 	world_size	 V: 	default	
[00:00:11]: 			K: 	wormhole_prefab	 V: 	wormhole	
[00:00:11]: 		K: 	random_set_pieces	 V: 	table: 0xf158f088	
[00:00:11]: 			K: 	1	 V: 	Sculptures_2	
[00:00:11]: 			K: 	2	 V: 	Sculptures_3	
[00:00:11]: 			K: 	3	 V: 	Sculptures_4	
[00:00:11]: 			K: 	4	 V: 	Sculptures_5	
[00:00:11]: 			K: 	5	 V: 	Chessy_1	
[00:00:11]: 			K: 	6	 V: 	Chessy_2	
[00:00:11]: 			K: 	7	 V: 	Chessy_3	
[00:00:11]: 			K: 	8	 V: 	Chessy_4	
[00:00:11]: 			K: 	9	 V: 	Chessy_5	
[00:00:11]: 			K: 	10	 V: 	Chessy_6	
[00:00:11]: 			K: 	11	 V: 	Maxwell1	
[00:00:11]: 			K: 	12	 V: 	Maxwell2	
[00:00:11]: 			K: 	13	 V: 	Maxwell3	
[00:00:11]: 			K: 	14	 V: 	Maxwell4	
[00:00:11]: 			K: 	15	 V: 	Maxwell6	
[00:00:11]: 			K: 	16	 V: 	Maxwell7	
[00:00:11]: 			K: 	17	 V: 	Warzone_1	
[00:00:11]: 			K: 	18	 V: 	Warzone_2	
[00:00:11]: 			K: 	19	 V: 	Warzone_3	
[00:00:11]: 		K: 	required_prefabs	 V: 	table: 0xf158e6e0	
[00:00:11]: 			K: 	1	 V: 	multiplayer_portal	
[00:00:11]: 		K: 	substitutes	 V: 	table: 0xf15909c8	
[00:00:11]: 		K: 	version	 V: 	3	
[00:00:11]: 
#######
#
# Generating SURVIVAL Mode Level
#
#######
	
[00:00:11]: Prefab Swap Selection: regular grass	
[00:00:11]: Prefab Swap Selection: regular twigs	
[00:00:11]: Prefab Swap Selection: juicy berries	
[00:00:11]: Sculptures_4	added to	Dig that rock	
[00:00:11]: Chessy_5	added to	For a nice walk	
[00:00:11]: Warzone_2	added to	Kill the spiders	
[00:00:11]: Chessy_3	added to	Beeeees!	
[00:00:11]: Chessy_6	added to	Beeeees!	
[00:00:11]: Maxwell7	added to	Squeltch	
[00:00:11]: Sculptures_2	added to	Badlands	
[00:00:11]: Maxwell4	added to	Dig that rock	
[00:00:11]: Chessy_3	added to	Befriend the pigs	
[00:00:11]: Warzone_3	added to	Beeeees!	
[00:00:11]: New size:	425	default	
[00:00:11]: Creating story...	
[00:00:11]: LinkNodesByKeys	
[00:00:11]: Finding valid start task...	
[00:00:11]:    ...picked 	Make a pick	
[00:00:11]: Has start node	Clearing	
[00:00:11]: Baking map...	425	
[00:00:11]: [WorldSimActual::GenerateVoronoiMap]
[00:00:11]: GenerateVoronoiMap [1]:
[00:00:11]: ...Done.
[00:00:11]: [AddEmptyNodes]
[00:00:11]: GenerateVoronoiMap [100]:
[00:00:14]: ...Done.
[00:00:14]: [WorldSimActual::GenerateVoronoiMap] complete [success]
[00:00:14]: [WorldSimActual::ConvertToTileMap]
[00:00:14]: [ConvertToTileMap]
[00:00:14]: [WorldSimActual::ConvertToTileMap] complete
[00:00:14]: [WorldSimActual::SeparateIslands]
[00:00:14]: [SeparateIslands]
[00:00:14]: [WorldSimActual::SeparateIslands] complete
[00:00:14]: Map Baked!	
[00:00:14]: [WorldSimActual::ForceConnectivity]
[00:00:14]: [GenerateLandmasses]
[00:00:14]: [GenerateLandmasses] islands: 3
[00:00:14]: [MergeConnectedLandmasses] true
[00:00:14]: [WorldSimActual::ForceConnectivity] complete
[00:00:14]: [GetWormholesExtra] connected 0 unconnected 1
[00:00:14]: [GetWormholesExtra] after: connected 1 unconnected 0
[00:00:14]: [GetWormholesExtra] pushed 0 wormholes
[00:00:14]: [WorldSimActual::DrawRoads]
[00:00:14]: [DrawRoads]
[00:00:14]: [WorldSimActual::DrawRoads] complete
[00:00:14]: Encoding...	
[00:00:14]: Encoding... DONE	
[00:00:14]: Checking Tags	
[00:00:14]: Populating voronoi...	
[00:00:15]: disconnected tiles...	0	
[00:00:15]: Checking Required Prefab multiplayer_portal has at least 1 instances (1 found).	
[00:00:15]: Checking Required Prefab pigking has at least 1 instances (1 found).	
[00:00:15]: Done forest map gen!	
[00:00:15]: Checking map...	
[00:00:15]: Generation complete	
[00:00:15]: WorldSim::SimThread::Main() complete
[00:00:15]: Serializing world: session/07DFE7BFFD5551A1/0000000002
[00:00:16]: Klump load on boot started.	
[00:00:16]: Klump files loaded: 	0	
[00:00:16]: 	Unload FE	
[00:00:16]: 	Unload FE done	
[00:00:17]: 	LOAD BE	
[00:00:24]: 	LOAD BE: done	
[00:00:24]: Begin Session: 07DFE7BFFD5551A1
[00:00:24]: saving to server_temp/server_save	
[00:00:25]: MiniMapComponent::AddAtlas( minimap/minimap_data.xml )
[00:00:25]: Loading 12 new character(s)	
[00:00:30]: Total 12 character(s) loaded	
[00:00:31]: Loading Nav Grid	
[00:00:31]: OVERRIDE: setting	bearger	to	rare	
[00:00:55]: Reconstructing topology	
[00:00:55]: 	...Sorting points	
[00:00:55]: 	...Sorting edges	
[00:00:55]: 	...Connecting nodes	
[00:00:55]: 	...Validating connections	
[00:00:55]: 	...Housekeeping	
[00:00:55]: 	...Done!	
[00:00:56]: 1 uploads added to server. From server_temp
[00:00:56]: About to start a shard with these settings:
[00:00:56]:   ShardName: [SHDMASTER]
[00:00:56]:   ShardID: 1
[00:00:56]:   ShardRole: MASTER
[00:00:56]:   MasterHost: (null)
[00:00:56]:   MasterBind: 0.0.0.0
[00:00:56]:   MasterPort: 10888
[00:00:56]: [Shard] Starting master server
[00:00:56]: [Shard] Shard server started on port: 10888
[00:00:56]: Telling Client our new session identifier: 07DFE7BFFD5551A1
[00:01:04]: [Steam] SteamGameServer_Init(8767, 10998, 27017)
[00:01:05]: [Steam] SteamGameServer_Init success
[00:01:12]: Validating portal[1] <-> <nil>[1] (inactive)	
[00:01:12]: Validating portal[2] <-> <nil>[2] (inactive)	
[00:01:12]: Validating portal[3] <-> <nil>[3] (inactive)	
[00:01:12]: Validating portal[4] <-> <nil>[4] (inactive)	
[00:01:12]: Validating portal[5] <-> <nil>[5] (inactive)	
[00:01:13]: Validating portal[6] <-> <nil>[6] (inactive)	
[00:01:13]: Validating portal[7] <-> <nil>[7] (inactive)	
[00:01:13]: Validating portal[8] <-> <nil>[8] (inactive)	
[00:01:13]: Validating portal[9] <-> <nil>[9] (inactive)	
[00:01:13]: Validating portal[10] <-> <nil>[10] (inactive)	
[00:01:13]: Sim paused
[00:01:13]: Gameserver logged on to Steam, assigned SteamID [A:1:854753284:11641]
[00:01:13]: Best lobby region is aws/US (ping 75)
[00:01:13]: Registering master server in US lobby
[00:01:13]: [Shard] Slave Caves2(110) connected: [LAN] 127.0.0.1
[00:01:14]: [Shard] Slave Caves2(110) ready!
[00:01:14]: World 110 is now connected	
[00:01:14]: Validating portal[1] <-> 110[1] (disabled)	
[00:01:14]: Validating portal[2] <-> 110[2] (disabled)	
[00:01:14]: Validating portal[3] <-> 110[3] (disabled)	
[00:01:14]: Validating portal[4] <-> 110[4] (disabled)	
[00:01:14]: Validating portal[5] <-> 110[5] (disabled)	
[00:01:14]: Validating portal[6] <-> 110[6] (disabled)	
[00:01:14]: Validating portal[7] <-> 110[7] (disabled)	
[00:01:14]: Validating portal[8] <-> 110[8] (disabled)	
[00:01:14]: Validating portal[9] <-> 110[9] (disabled)	
[00:01:14]: Validating portal[10] <-> 110[10] (disabled)	
[00:01:23]: Registering master server in US lobby
